<?xml version="1.0" encoding="UTF-8"?>
<testsuite xmlns:xsi="http://www.w3.org/2001/XMLSchema-instance" xsi:noNamespaceSchemaLocation="https://maven.apache.org/surefire/maven-surefire-plugin/xsd/surefire-test-report-3.0.xsd" version="3.0" name="com.fundoo.fundoonotes.FundooNotesApplicationTests" time="1.112" tests="1" errors="0" skipped="0" failures="0">
  <properties>
[...]
</properties>
  <testcase name="contextLoads" classname="com.fundoo.fundoonotes.FundooNotesApplicationTests" time="0.006">
    <system-out><![CDATA[2026-08-23T23:24:26.353+05:30  INFO 13176 --- [           main] t.c.s.AnnotationConfigContextLoaderUtils : Could not detect default configuration classes for test class [com.fundoo.fundoonotes.FundooNotesApplicationTests]: FundooNotesApplicationTests does not declare any static, non-private, non-final, nested classes annotated with @Configuration.
2026-08-23T23:24:26.355+05:30  INFO 13176 --- [           main] .b.t.c.SpringBootTestContextBootstrapper : Found @SpringBootConfiguration com.fundoo.fundoonotes.FundooNotesApplication for test class com.fundoo.fundoonotes.FundooNotesApplicationTests
2026-08-23T23:24:26.364+05:30  INFO 13176 --- [           main] o.s.b.d.r.RestartApplicationListener     : Restart disabled due to context in which it is running

  .   ____          _            __ _ _
 /\\ / ___'_ __ _ _(_)_ __  __ _ \ \ \ \
( ( )\___ | '_ | '_| | '_ \/ _` | \ \ \ \
 \\/  ___)| |_)| | | | | || (_| |  ) ) ) )
  '  |____| .__|_| |_|_| |_\__, | / / / /
 =========|_|==============|___/=/_/_/_/

 :: Spring Boot ::                (v3.3.2)

2026-08-23T23:24:26.408+05:30  INFO 13176 --- [           main] c.f.f.FundooNotesApplicationTests        : Starting FundooNotesApplicationTests using Java 17.0.19 with PID 13176 (started by anshm in C:\Users\anshm\FundooNotesApplication\UC3)
2026-08-23T23:24:26.409+05:30 DEBUG 13176 --- [           main] c.f.f.FundooNotesApplicationTests        : Running with Spring Boot v3.3.2, Spring v6.1.11
2026-08-23T23:24:26.409+05:30  INFO 13176 --- [           main] c.f.f.FundooNotesApplicationTests        : The following 1 profile is active: "test"
2026-08-23T23:24:26.641+05:30  INFO 13176 --- [           main] .s.d.r.c.RepositoryConfigurationDelegate : Bootstrapping Spring Data JPA repositories in DEFAULT mode.
2026-08-23T23:24:26.659+05:30  INFO 13176 --- [           main] .s.d.r.c.RepositoryConfigurationDelegate : Finished Spring Data repository scanning in 17 ms. Found 1 JPA repository interface.
2026-08-23T23:24:26.784+05:30  INFO 13176 --- [           main] o.hibernate.jpa.internal.util.LogHelper  : HHH000204: Processing PersistenceUnitInfo [name: default]
2026-08-23T23:24:26.788+05:30  INFO 13176 --- [           main] o.h.c.internal.RegionFactoryInitiator    : HHH000026: Second-level cache disabled
2026-08-23T23:24:26.812+05:30  INFO 13176 --- [           main] o.s.o.j.p.SpringPersistenceUnitInfo      : No LoadTimeWeaver setup: ignoring JPA class transformer
2026-08-23T23:24:26.814+05:30  INFO 13176 --- [           main] com.zaxxer.hikari.HikariDataSource       : HikariPool-2 - Starting...
2026-08-23T23:24:26.824+05:30  INFO 13176 --- [           main] com.zaxxer.hikari.pool.HikariPool        : HikariPool-2 - Added connection com.mysql.cj.jdbc.ConnectionImpl@63f88d35
2026-08-23T23:24:26.825+05:30  INFO 13176 --- [           main] com.zaxxer.hikari.HikariDataSource       : HikariPool-2 - Start completed.
2026-08-23T23:24:27.034+05:30  INFO 13176 --- [           main] o.h.e.t.j.p.i.JtaPlatformInitiator       : HHH000489: No JTA platform available (set 'hibernate.transaction.jta.platform' to enable JTA platform integration)
2026-08-23T23:24:27.060+05:30 DEBUG 13176 --- [           main] org.hibernate.SQL                        : 
    alter table notes 
       modify column content TEXT
Hibernate: 
    alter table notes 
       modify column content TEXT
2026-08-23T23:24:27.153+05:30  INFO 13176 --- [           main] j.LocalContainerEntityManagerFactoryBean : Initialized JPA EntityManagerFactory for persistence unit 'default'
2026-08-23T23:24:27.237+05:30  INFO 13176 --- [           main] eAuthenticationProviderManagerConfigurer : Global AuthenticationManager configured with AuthenticationProvider bean with name authenticationProvider
2026-08-23T23:24:27.237+05:30  WARN 13176 --- [           main] r$InitializeUserDetailsManagerConfigurer : Global AuthenticationManager configured with an AuthenticationProvider bean. UserDetailsService beans will not be used for username/password login. Consider removing the AuthenticationProvider bean. Alternatively, consider using the UserDetailsService in a manually instantiated DaoAuthenticationProvider.
2026-08-23T23:24:27.453+05:30  INFO 13176 --- [           main] c.f.f.FundooNotesApplicationTests        : Started FundooNotesApplicationTests in 1.09 seconds (process running for 10.426)
]]></system-out>
  </testcase>
</testsuite>