# JRE version: OpenJDK Runtime Environment Temurin-21.0.9+10 (21.0.9+10) (build 21.0.9+10-LTS)
# Java VM: OpenJDK 64-Bit Server VM Temurin-21.0.9+10 (21.0.9+10-LTS, mixed mode, sharing, tiered, compressed oops, compressed class ptrs, parallel gc, windows-amd64)
GC Precious Log:
 CardTable entry size: 512
 CPUs: 8 total, 8 available
 Memory: 8029M
 Large Page Support: Disabled
 NUMA Support: Disabled
 Compressed Oops: Enabled (32-bit)
 Alignments: Space 512K, Generation 512K, Heap 2M
 Heap Min Capacity: 100M
 Heap Initial Capacity: 100M
 Heap Max Capacity: 2G
 Pre-touch: Disabled
 Parallel Workers: 8
Heap:
 PSYoungGen      total 2560K, used 242K [0x00000000d5580000, 0x00000000d5900000, 0x0000000100000000)
  eden space 2048K, 7% used [0x00000000d5580000,0x00000000d55a49f0,0x00000000d5780000)
  from space 512K, 18% used [0x00000000d5880000,0x00000000d5898000,0x00000000d5900000)
  to   space 512K, 0% used [0x00000000d5800000,0x00000000d5800000,0x00000000d5880000)
 ParOldGen       total 406016K, used 364945K [0x0000000080000000, 0x0000000098c80000, 0x00000000d5580000)
  object space 406016K, 89% used [0x0000000080000000,0x0000000096464448,0x0000000098c80000)
 Metaspace       used 71907K, committed 73472K, reserved 1179648K
  class space    used 7404K, committed 8128K, reserved 1048576K
GC Heap History (20 events):
Event: 325.588 GC heap before
{Heap before GC invocations=558 (full 3):
 PSYoungGen      total 4608K, used 4160K [0x00000000d5580000, 0x00000000d5d00000, 0x0000000100000000)
  eden space 2048K, 100% used [0x00000000d5580000,0x00000000d5780000,0x00000000d5780000)
  from space 2560K, 82% used [0x00000000d5a00000,0x00000000d5c10000,0x00000000d5c80000)
  to   space 2560K, 0% used [0x00000000d5780000,0x00000000d5780000,0x00000000d5a00000)
 ParOldGen       total 406016K, used 354287K [0x0000000080000000, 0x0000000098c80000, 0x00000000d5580000)
  object space 406016K, 87% used [0x0000000080000000,0x00000000959fbeb8,0x0000000098c80000)
 Metaspace       used 71873K, committed 73344K, reserved 1179648K
  class space    used 7399K, committed 8064K, reserved 1048576K
}
Event: 325.591 GC heap after
{Heap after GC invocations=558 (full 3):
 PSYoungGen      total 4608K, used 1487K [0x00000000d5580000, 0x00000000d5c00000, 0x0000000100000000)
  eden space 2048K, 0% used [0x00000000d5580000,0x00000000d5580000,0x00000000d5780000)
  from space 2560K, 58% used [0x00000000d5780000,0x00000000d58f3e40,0x00000000d5a00000)
  to   space 2048K, 0% used [0x00000000d5a00000,0x00000000d5a00000,0x00000000d5c00000)
 ParOldGen       total 406016K, used 356335K [0x0000000080000000, 0x0000000098c80000, 0x00000000d5580000)
  object space 406016K, 87% used [0x0000000080000000,0x0000000095bfbeb8,0x0000000098c80000)
 Metaspace       used 71873K, committed 73344K, reserved 1179648K
  class space    used 7399K, committed 8064K, reserved 1048576K
}
Event: 325.594 GC heap before
{Heap before GC invocations=559 (full 3):
 PSYoungGen      total 4608K, used 3535K [0x00000000d5580000, 0x00000000d5c00000, 0x0000000100000000)
  eden space 2048K, 100% used [0x00000000d5580000,0x00000000d5780000,0x00000000d5780000)
  from space 2560K, 58% used [0x00000000d5780000,0x00000000d58f3e40,0x00000000d5a00000)
  to   space 2048K, 0% used [0x00000000d5a00000,0x00000000d5a00000,0x00000000d5c00000)
 ParOldGen       total 406016K, used 356335K [0x0000000080000000, 0x0000000098c80000, 0x00000000d5580000)
  object space 406016K, 87% used [0x0000000080000000,0x0000000095bfbeb8,0x0000000098c80000)
 Metaspace       used 71873K, committed 73344K, reserved 1179648K
  class space    used 7399K, committed 8064K, reserved 1048576K
}
Event: 325.597 GC heap after
{Heap after GC invocations=559 (full 3):
 PSYoungGen      total 2560K, used 2048K [0x00000000d5580000, 0x00000000d6000000, 0x0000000100000000)
  eden space 512K, 0% used [0x00000000d5580000,0x00000000d5580000,0x00000000d5600000)
  from space 2048K, 100% used [0x00000000d5a00000,0x00000000d5c00000,0x00000000d5c00000)
  to   space 4096K, 0% used [0x00000000d5600000,0x00000000d5600000,0x00000000d5a00000)
 ParOldGen       total 406016K, used 357740K [0x0000000080000000, 0x0000000098c80000, 0x00000000d5580000)
  object space 406016K, 88% used [0x0000000080000000,0x0000000095d5b178,0x0000000098c80000)
 Metaspace       used 71873K, committed 73344K, reserved 1179648K
  class space    used 7399K, committed 8064K, reserved 1048576K
}
Event: 325.598 GC heap before
{Heap before GC invocations=560 (full 3):
 PSYoungGen      total 2560K, used 2560K [0x00000000d5580000, 0x00000000d6000000, 0x0000000100000000)
  eden space 512K, 100% used [0x00000000d5580000,0x00000000d5600000,0x00000000d5600000)
  from space 2048K, 100% used [0x00000000d5a00000,0x00000000d5c00000,0x00000000d5c00000)
  to   space 4096K, 0% used [0x00000000d5600000,0x00000000d5600000,0x00000000d5a00000)
 ParOldGen       total 406016K, used 357740K [0x0000000080000000, 0x0000000098c80000, 0x00000000d5580000)
  object space 406016K, 88% used [0x0000000080000000,0x0000000095d5b178,0x0000000098c80000)
 Metaspace       used 71873K, committed 73344K, reserved 1179648K
  class space    used 7399K, committed 8064K, reserved 1048576K
}
Event: 325.601 GC heap after
{Heap after GC invocations=560 (full 3):
 PSYoungGen      total 1536K, used 608K [0x00000000d5580000, 0x00000000d5a80000, 0x0000000100000000)
  eden space 512K, 0% used [0x00000000d5580000,0x00000000d5580000,0x00000000d5600000)
  from space 1024K, 59% used [0x00000000d5600000,0x00000000d5698000,0x00000000d5700000)
  to   space 2048K, 0% used [0x00000000d5880000,0x00000000d5880000,0x00000000d5a80000)
 ParOldGen       total 406016K, used 359788K [0x0000000080000000, 0x0000000098c80000, 0x00000000d5580000)
  object space 406016K, 88% used [0x0000000080000000,0x0000000095f5b178,0x0000000098c80000)
 Metaspace       used 71873K, committed 73344K, reserved 1179648K
  class space    used 7399K, committed 8064K, reserved 1048576K
}
Event: 325.604 GC heap before
{Heap before GC invocations=561 (full 3):
 PSYoungGen      total 1536K, used 1044K [0x00000000d5580000, 0x00000000d5a80000, 0x0000000100000000)
  eden space 512K, 85% used [0x00000000d5580000,0x00000000d55ed088,0x00000000d5600000)
  from space 1024K, 59% used [0x00000000d5600000,0x00000000d5698000,0x00000000d5700000)
  to   space 2048K, 0% used [0x00000000d5880000,0x00000000d5880000,0x00000000d5a80000)
 ParOldGen       total 406016K, used 359788K [0x0000000080000000, 0x0000000098c80000, 0x00000000d5580000)
  object space 406016K, 88% used [0x0000000080000000,0x0000000095f5b178,0x0000000098c80000)
 Metaspace       used 71873K, committed 73344K, reserved 1179648K
  class space    used 7399K, committed 8064K, reserved 1048576K
}
Event: 325.605 GC heap after
{Heap after GC invocations=561 (full 3):
 PSYoungGen      total 1536K, used 480K [0x00000000d5580000, 0x00000000d5900000, 0x0000000100000000)
  eden space 1024K, 0% used [0x00000000d5580000,0x00000000d5580000,0x00000000d5680000)
  from space 512K, 93% used [0x00000000d5880000,0x00000000d58f8000,0x00000000d5900000)
  to   space 1024K, 0% used [0x00000000d5700000,0x00000000d5700000,0x00000000d5800000)
 ParOldGen       total 406016K, used 360316K [0x0000000080000000, 0x0000000098c80000, 0x00000000d5580000)
  object space 406016K, 88% used [0x0000000080000000,0x0000000095fdf178,0x0000000098c80000)
 Metaspace       used 71873K, committed 73344K, reserved 1179648K
  class space    used 7399K, committed 8064K, reserved 1048576K
}
Event: 325.607 GC heap before
{Heap before GC invocations=562 (full 3):
 PSYoungGen      total 1536K, used 1504K [0x00000000d5580000, 0x00000000d5900000, 0x0000000100000000)
  eden space 1024K, 100% used [0x00000000d5580000,0x00000000d5680000,0x00000000d5680000)
  from space 512K, 93% used [0x00000000d5880000,0x00000000d58f8000,0x00000000d5900000)
  to   space 1024K, 0% used [0x00000000d5700000,0x00000000d5700000,0x00000000d5800000)
 ParOldGen       total 406016K, used 360316K [0x0000000080000000, 0x0000000098c80000, 0x00000000d5580000)
  object space 406016K, 88% used [0x0000000080000000,0x0000000095fdf178,0x0000000098c80000)
 Metaspace       used 71873K, committed 73344K, reserved 1179648K
  class space    used 7399K, committed 8064K, reserved 1048576K
}
Event: 325.608 GC heap after
{Heap after GC invocations=562 (full 3):
 PSYoungGen      total 2560K, used 1007K [0x00000000d5580000, 0x00000000d5b00000, 0x0000000100000000)
  eden space 1536K, 0% used [0x00000000d5580000,0x00000000d5580000,0x00000000d5700000)
  from space 1024K, 98% used [0x00000000d5700000,0x00000000d57fbe40,0x00000000d5800000)
  to   space 2048K, 0% used [0x00000000d5900000,0x00000000d5900000,0x00000000d5b00000)
 ParOldGen       total 406016K, used 360732K [0x0000000080000000, 0x0000000098c80000, 0x00000000d5580000)
  object space 406016K, 88% used [0x0000000080000000,0x0000000096047178,0x0000000098c80000)
 Metaspace       used 71873K, committed 73344K, reserved 1179648K
  class space    used 7399K, committed 8064K, reserved 1048576K
}
Event: 325.610 GC heap before
{Heap before GC invocations=563 (full 3):
 PSYoungGen      total 2560K, used 2543K [0x00000000d5580000, 0x00000000d5b00000, 0x0000000100000000)
  eden space 1536K, 100% used [0x00000000d5580000,0x00000000d5700000,0x00000000d5700000)
  from space 1024K, 98% used [0x00000000d5700000,0x00000000d57fbe40,0x00000000d5800000)
  to   space 2048K, 0% used [0x00000000d5900000,0x00000000d5900000,0x00000000d5b00000)
 ParOldGen       total 406016K, used 360732K [0x0000000080000000, 0x0000000098c80000, 0x00000000d5580000)
  object space 406016K, 88% used [0x0000000080000000,0x0000000096047178,0x0000000098c80000)
 Metaspace       used 71873K, committed 73344K, reserved 1179648K
  class space    used 7399K, committed 8064K, reserved 1048576K
}
Event: 325.614 GC heap after
{Heap after GC invocations=563 (full 3):
 PSYoungGen      total 3584K, used 1664K [0x00000000d5580000, 0x00000000d5b80000, 0x0000000100000000)
  eden space 1536K, 0% used [0x00000000d5580000,0x00000000d5580000,0x00000000d5700000)
  from space 2048K, 81% used [0x00000000d5900000,0x00000000d5aa0000,0x00000000d5b00000)
  to   space 2048K, 0% used [0x00000000d5700000,0x00000000d5700000,0x00000000d5900000)
 ParOldGen       total 406016K, used 361747K [0x0000000080000000, 0x0000000098c80000, 0x00000000d5580000)
  object space 406016K, 89% used [0x0000000080000000,0x0000000096144fb8,0x0000000098c80000)
 Metaspace       used 71873K, committed 73344K, reserved 1179648K
  class space    used 7399K, committed 8064K, reserved 1048576K
}
Event: 326.359 GC heap before
{Heap before GC invocations=564 (full 3):
 PSYoungGen      total 3584K, used 3200K [0x00000000d5580000, 0x00000000d5b80000, 0x0000000100000000)
  eden space 1536K, 100% used [0x00000000d5580000,0x00000000d5700000,0x00000000d5700000)
  from space 2048K, 81% used [0x00000000d5900000,0x00000000d5aa0000,0x00000000d5b00000)
  to   space 2048K, 0% used [0x00000000d5700000,0x00000000d5700000,0x00000000d5900000)
 ParOldGen       total 406016K, used 361747K [0x0000000080000000, 0x0000000098c80000, 0x00000000d5580000)
  object space 406016K, 89% used [0x0000000080000000,0x0000000096144fb8,0x0000000098c80000)
 Metaspace       used 71875K, committed 73344K, reserved 1179648K
  class space    used 7399K, committed 8064K, reserved 1048576K
}
Event: 326.361 GC heap after
{Heap after GC invocations=564 (full 3):
 PSYoungGen      total 3584K, used 1280K [0x00000000d5580000, 0x00000000d5a80000, 0x0000000100000000)
  eden space 1536K, 0% used [0x00000000d5580000,0x00000000d5580000,0x00000000d5700000)
  from space 2048K, 62% used [0x00000000d5700000,0x00000000d5840000,0x00000000d5900000)
  to   space 1536K, 0% used [0x00000000d5900000,0x00000000d5900000,0x00000000d5a80000)
 ParOldGen       total 406016K, used 363323K [0x0000000080000000, 0x0000000098c80000, 0x00000000d5580000)
  object space 406016K, 89% used [0x0000000080000000,0x00000000962cefb8,0x0000000098c80000)
 Metaspace       used 71875K, committed 73344K, reserved 1179648K
  class space    used 7399K, committed 8064K, reserved 1048576K
}
Event: 326.719 GC heap before
{Heap before GC invocations=565 (full 3):
 PSYoungGen      total 3584K, used 2815K [0x00000000d5580000, 0x00000000d5a80000, 0x0000000100000000)
  eden space 1536K, 99% used [0x00000000d5580000,0x00000000d56ffff8,0x00000000d5700000)
  from space 2048K, 62% used [0x00000000d5700000,0x00000000d5840000,0x00000000d5900000)
  to   space 1536K, 0% used [0x00000000d5900000,0x00000000d5900000,0x00000000d5a80000)
 ParOldGen       total 406016K, used 363323K [0x0000000080000000, 0x0000000098c80000, 0x00000000d5580000)
  object space 406016K, 89% used [0x0000000080000000,0x00000000962cefb8,0x0000000098c80000)
 Metaspace       used 71895K, committed 73344K, reserved 1179648K
  class space    used 7403K, committed 8064K, reserved 1048576K
}
Event: 326.722 GC heap after
{Heap after GC invocations=565 (full 3):
 PSYoungGen      total 2560K, used 96K [0x00000000d5580000, 0x00000000d5980000, 0x0000000100000000)
  eden space 2048K, 0% used [0x00000000d5580000,0x00000000d5580000,0x00000000d5780000)
  from space 512K, 18% used [0x00000000d5900000,0x00000000d5918000,0x00000000d5980000)
  to   space 1024K, 0% used [0x00000000d5780000,0x00000000d5780000,0x00000000d5880000)
 ParOldGen       total 406016K, used 364499K [0x0000000080000000, 0x0000000098c80000, 0x00000000d5580000)
  object space 406016K, 89% used [0x0000000080000000,0x00000000963f4fb8,0x0000000098c80000)
 Metaspace       used 71895K, committed 73344K, reserved 1179648K
  class space    used 7403K, committed 8064K, reserved 1048576K
}
Event: 327.161 GC heap before
{Heap before GC invocations=566 (full 3):
 PSYoungGen      total 2560K, used 2144K [0x00000000d5580000, 0x00000000d5980000, 0x0000000100000000)
  eden space 2048K, 100% used [0x00000000d5580000,0x00000000d5780000,0x00000000d5780000)
  from space 512K, 18% used [0x00000000d5900000,0x00000000d5918000,0x00000000d5980000)
  to   space 1024K, 0% used [0x00000000d5780000,0x00000000d5780000,0x00000000d5880000)
 ParOldGen       total 406016K, used 364499K [0x0000000080000000, 0x0000000098c80000, 0x00000000d5580000)
  object space 406016K, 89% used [0x0000000080000000,0x00000000963f4fb8,0x0000000098c80000)
 Metaspace       used 71904K, committed 73472K, reserved 1179648K
  class space    used 7404K, committed 8128K, reserved 1048576K
}
Event: 327.162 GC heap after
{Heap after GC invocations=566 (full 3):
 PSYoungGen      total 3072K, used 512K [0x00000000d5580000, 0x00000000d5980000, 0x0000000100000000)
  eden space 2048K, 0% used [0x00000000d5580000,0x00000000d5580000,0x00000000d5780000)
  from space 1024K, 50% used [0x00000000d5780000,0x00000000d5800000,0x00000000d5880000)
  to   space 1024K, 0% used [0x00000000d5880000,0x00000000d5880000,0x00000000d5980000)
 ParOldGen       total 406016K, used 364539K [0x0000000080000000, 0x0000000098c80000, 0x00000000d5580000)
  object space 406016K, 89% used [0x0000000080000000,0x00000000963fefb8,0x0000000098c80000)
 Metaspace       used 71904K, committed 73472K, reserved 1179648K
  class space    used 7404K, committed 8128K, reserved 1048576K
}
Event: 327.168 GC heap before
{Heap before GC invocations=567 (full 3):
 PSYoungGen      total 3072K, used 2559K [0x00000000d5580000, 0x00000000d5980000, 0x0000000100000000)
  eden space 2048K, 99% used [0x00000000d5580000,0x00000000d577fff8,0x00000000d5780000)
  from space 1024K, 50% used [0x00000000d5780000,0x00000000d5800000,0x00000000d5880000)
  to   space 1024K, 0% used [0x00000000d5880000,0x00000000d5880000,0x00000000d5980000)
 ParOldGen       total 406016K, used 364539K [0x0000000080000000, 0x0000000098c80000, 0x00000000d5580000)
  object space 406016K, 89% used [0x0000000080000000,0x00000000963fefb8,0x0000000098c80000)
 Metaspace       used 71905K, committed 73472K, reserved 1179648K
  class space    used 7404K, committed 8128K, reserved 1048576K
}
Event: 327.170 GC heap after
{Heap after GC invocations=567 (full 3):
 PSYoungGen      total 2560K, used 96K [0x00000000d5580000, 0x00000000d5900000, 0x0000000100000000)
  eden space 2048K, 0% used [0x00000000d5580000,0x00000000d5580000,0x00000000d5780000)
  from space 512K, 18% used [0x00000000d5880000,0x00000000d5898000,0x00000000d5900000)
  to   space 512K, 0% used [0x00000000d5800000,0x00000000d5800000,0x00000000d5880000)
 ParOldGen       total 406016K, used 364945K [0x0000000080000000, 0x0000000098c80000, 0x00000000d5580000)
  object space 406016K, 89% used [0x0000000080000000,0x0000000096464448,0x0000000098c80000)
 Metaspace       used 71905K, committed 73472K, reserved 1179648K
  class space    used 7404K, committed 8128K, reserved 1048576K
}

