# JRE version: OpenJDK Runtime Environment Temurin-21.0.9+10 (21.0.9+10) (build 21.0.9+10-LTS)
# Java VM: OpenJDK 64-Bit Server VM Temurin-21.0.9+10 (21.0.9+10-LTS, mixed mode, sharing, tiered, compressed oops, compressed class ptrs, parallel gc, windows-amd64)
GC Precious Log:
 CardTable entry size: 512
 CPUs: 8 total, 8 available
 Memory: 8029M
 Large Page Support: Disabled
 NUMA Support: Disabled
 Compressed Oops: Enabled (32-bit)
 Alignments: Space 512K, Generation 512K, Heap 2M
 Heap Min Capacity: 100M
 Heap Initial Capacity: 100M
 Heap Max Capacity: 2G
 Pre-touch: Disabled
 Parallel Workers: 8
Heap:
 PSYoungGen      total 5632K, used 1480K [0x00000000d5580000, 0x00000000d5d00000, 0x0000000100000000)
  eden space 5120K, 21% used [0x00000000d5580000,0x00000000d56920b8,0x00000000d5a80000)
  from space 512K, 75% used [0x00000000d5c80000,0x00000000d5ce0000,0x00000000d5d00000)
  to   space 512K, 0% used [0x00000000d5c00000,0x00000000d5c00000,0x00000000d5c80000)
 ParOldGen       total 1398272K, used 824612K [0x0000000080000000, 0x00000000d5580000, 0x00000000d5580000)
  object space 1398272K, 58% used [0x0000000080000000,0x00000000b2549108,0x00000000d5580000)
 Metaspace       used 88386K, committed 89984K, reserved 1179648K
  class space    used 8660K, committed 9472K, reserved 1048576K
GC Heap History (20 events):
Event: 39080.796 GC heap before
{Heap before GC invocations=6929 (full 7):
 PSYoungGen      total 3584K, used 3392K [0x00000000d5580000, 0x00000000d5b80000, 0x0000000100000000)
  eden space 3072K, 100% used [0x00000000d5580000,0x00000000d5880000,0x00000000d5880000)
  from space 512K, 62% used [0x00000000d5b00000,0x00000000d5b50000,0x00000000d5b80000)
  to   space 1024K, 0% used [0x00000000d5980000,0x00000000d5980000,0x00000000d5a80000)
 ParOldGen       total 1398272K, used 821187K [0x0000000080000000, 0x00000000d5580000, 0x00000000d5580000)
  object space 1398272K, 58% used [0x0000000080000000,0x00000000b21f0d88,0x00000000d5580000)
 Metaspace       used 88386K, committed 89984K, reserved 1179648K
  class space    used 8660K, committed 9472K, reserved 1048576K
}
Event: 39080.798 GC heap after
{Heap after GC invocations=6929 (full 7):
 PSYoungGen      total 5120K, used 1007K [0x00000000d5580000, 0x00000000d6180000, 0x0000000100000000)
  eden space 4096K, 0% used [0x00000000d5580000,0x00000000d5580000,0x00000000d5980000)
  from space 1024K, 98% used [0x00000000d5980000,0x00000000d5a7be40,0x00000000d5a80000)
  to   space 4096K, 0% used [0x00000000d5d80000,0x00000000d5d80000,0x00000000d6180000)
 ParOldGen       total 1398272K, used 823385K [0x0000000080000000, 0x00000000d5580000, 0x00000000d5580000)
  object space 1398272K, 58% used [0x0000000080000000,0x00000000b24167c8,0x00000000d5580000)
 Metaspace       used 88386K, committed 89984K, reserved 1179648K
  class space    used 8660K, committed 9472K, reserved 1048576K
}
Event: 39080.805 GC heap before
{Heap before GC invocations=6930 (full 7):
 PSYoungGen      total 5120K, used 5103K [0x00000000d5580000, 0x00000000d6180000, 0x0000000100000000)
  eden space 4096K, 100% used [0x00000000d5580000,0x00000000d5980000,0x00000000d5980000)
  from space 1024K, 98% used [0x00000000d5980000,0x00000000d5a7be40,0x00000000d5a80000)
  to   space 4096K, 0% used [0x00000000d5d80000,0x00000000d5d80000,0x00000000d6180000)
 ParOldGen       total 1398272K, used 823385K [0x0000000080000000, 0x00000000d5580000, 0x00000000d5580000)
  object space 1398272K, 58% used [0x0000000080000000,0x00000000b24167c8,0x00000000d5580000)
 Metaspace       used 88386K, committed 89984K, reserved 1179648K
  class space    used 8660K, committed 9472K, reserved 1048576K
}
Event: 39080.807 GC heap after
{Heap after GC invocations=6930 (full 7):
 PSYoungGen      total 8192K, used 3439K [0x00000000d5580000, 0x00000000d6280000, 0x0000000100000000)
  eden space 4096K, 0% used [0x00000000d5580000,0x00000000d5580000,0x00000000d5980000)
  from space 4096K, 83% used [0x00000000d5d80000,0x00000000d60dbe40,0x00000000d6180000)
  to   space 4096K, 0% used [0x00000000d5980000,0x00000000d5980000,0x00000000d5d80000)
 ParOldGen       total 1398272K, used 823449K [0x0000000080000000, 0x00000000d5580000, 0x00000000d5580000)
  object space 1398272K, 58% used [0x0000000080000000,0x00000000b24267c8,0x00000000d5580000)
 Metaspace       used 88386K, committed 89984K, reserved 1179648K
  class space    used 8660K, committed 9472K, reserved 1048576K
}
Event: 39080.815 GC heap before
{Heap before GC invocations=6931 (full 7):
 PSYoungGen      total 8192K, used 7535K [0x00000000d5580000, 0x00000000d6280000, 0x0000000100000000)
  eden space 4096K, 100% used [0x00000000d5580000,0x00000000d5980000,0x00000000d5980000)
  from space 4096K, 83% used [0x00000000d5d80000,0x00000000d60dbe40,0x00000000d6180000)
  to   space 4096K, 0% used [0x00000000d5980000,0x00000000d5980000,0x00000000d5d80000)
 ParOldGen       total 1398272K, used 823449K [0x0000000080000000, 0x00000000d5580000, 0x00000000d5580000)
  object space 1398272K, 58% used [0x0000000080000000,0x00000000b24267c8,0x00000000d5580000)
 Metaspace       used 88386K, committed 89984K, reserved 1179648K
  class space    used 8660K, committed 9472K, reserved 1048576K
}
Event: 39080.818 GC heap after
{Heap after GC invocations=6931 (full 7):
 PSYoungGen      total 8192K, used 3119K [0x00000000d5580000, 0x00000000d6180000, 0x0000000100000000)
  eden space 4096K, 0% used [0x00000000d5580000,0x00000000d5580000,0x00000000d5980000)
  from space 4096K, 76% used [0x00000000d5980000,0x00000000d5c8be40,0x00000000d5d80000)
  to   space 3584K, 0% used [0x00000000d5e00000,0x00000000d5e00000,0x00000000d6180000)
 ParOldGen       total 1398272K, used 823457K [0x0000000080000000, 0x00000000d5580000, 0x00000000d5580000)
  object space 1398272K, 58% used [0x0000000080000000,0x00000000b24287c8,0x00000000d5580000)
 Metaspace       used 88386K, committed 89984K, reserved 1179648K
  class space    used 8660K, committed 9472K, reserved 1048576K
}
Event: 39080.824 GC heap before
{Heap before GC invocations=6932 (full 7):
 PSYoungGen      total 8192K, used 7215K [0x00000000d5580000, 0x00000000d6180000, 0x0000000100000000)
  eden space 4096K, 100% used [0x00000000d5580000,0x00000000d5980000,0x00000000d5980000)
  from space 4096K, 76% used [0x00000000d5980000,0x00000000d5c8be40,0x00000000d5d80000)
  to   space 3584K, 0% used [0x00000000d5e00000,0x00000000d5e00000,0x00000000d6180000)
 ParOldGen       total 1398272K, used 823457K [0x0000000080000000, 0x00000000d5580000, 0x00000000d5580000)
  object space 1398272K, 58% used [0x0000000080000000,0x00000000b24287c8,0x00000000d5580000)
 Metaspace       used 88386K, committed 89984K, reserved 1179648K
  class space    used 8660K, committed 9472K, reserved 1048576K
}
Event: 39080.827 GC heap after
{Heap after GC invocations=6932 (full 7):
 PSYoungGen      total 8704K, used 3215K [0x00000000d5580000, 0x00000000d6180000, 0x0000000100000000)
  eden space 5120K, 0% used [0x00000000d5580000,0x00000000d5580000,0x00000000d5a80000)
  from space 3584K, 89% used [0x00000000d5e00000,0x00000000d6123e40,0x00000000d6180000)
  to   space 3584K, 0% used [0x00000000d5a80000,0x00000000d5a80000,0x00000000d5e00000)
 ParOldGen       total 1398272K, used 823752K [0x0000000080000000, 0x00000000d5580000, 0x00000000d5580000)
  object space 1398272K, 58% used [0x0000000080000000,0x00000000b2472208,0x00000000d5580000)
 Metaspace       used 88386K, committed 89984K, reserved 1179648K
  class space    used 8660K, committed 9472K, reserved 1048576K
}
Event: 39082.496 GC heap before
{Heap before GC invocations=6933 (full 7):
 PSYoungGen      total 8704K, used 8335K [0x00000000d5580000, 0x00000000d6180000, 0x0000000100000000)
  eden space 5120K, 100% used [0x00000000d5580000,0x00000000d5a80000,0x00000000d5a80000)
  from space 3584K, 89% used [0x00000000d5e00000,0x00000000d6123e40,0x00000000d6180000)
  to   space 3584K, 0% used [0x00000000d5a80000,0x00000000d5a80000,0x00000000d5e00000)
 ParOldGen       total 1398272K, used 823752K [0x0000000080000000, 0x00000000d5580000, 0x00000000d5580000)
  object space 1398272K, 58% used [0x0000000080000000,0x00000000b2472208,0x00000000d5580000)
 Metaspace       used 88386K, committed 89984K, reserved 1179648K
  class space    used 8660K, committed 9472K, reserved 1048576K
}
Event: 39082.497 GC heap after
{Heap after GC invocations=6933 (full 7):
 PSYoungGen      total 5632K, used 256K [0x00000000d5580000, 0x00000000d5e80000, 0x0000000100000000)
  eden space 5120K, 0% used [0x00000000d5580000,0x00000000d5580000,0x00000000d5a80000)
  from space 512K, 50% used [0x00000000d5a80000,0x00000000d5ac0000,0x00000000d5b00000)
  to   space 1536K, 0% used [0x00000000d5d00000,0x00000000d5d00000,0x00000000d5e80000)
 ParOldGen       total 1398272K, used 823760K [0x0000000080000000, 0x00000000d5580000, 0x00000000d5580000)
  object space 1398272K, 58% used [0x0000000080000000,0x00000000b2474208,0x00000000d5580000)
 Metaspace       used 88386K, committed 89984K, reserved 1179648K
  class space    used 8660K, committed 9472K, reserved 1048576K
}
Event: 39083.521 GC heap before
{Heap before GC invocations=6934 (full 7):
 PSYoungGen      total 5632K, used 5376K [0x00000000d5580000, 0x00000000d5e80000, 0x0000000100000000)
  eden space 5120K, 100% used [0x00000000d5580000,0x00000000d5a80000,0x00000000d5a80000)
  from space 512K, 50% used [0x00000000d5a80000,0x00000000d5ac0000,0x00000000d5b00000)
  to   space 1536K, 0% used [0x00000000d5d00000,0x00000000d5d00000,0x00000000d5e80000)
 ParOldGen       total 1398272K, used 823760K [0x0000000080000000, 0x00000000d5580000, 0x00000000d5580000)
  object space 1398272K, 58% used [0x0000000080000000,0x00000000b2474208,0x00000000d5580000)
 Metaspace       used 88386K, committed 89984K, reserved 1179648K
  class space    used 8660K, committed 9472K, reserved 1048576K
}
Event: 39083.523 GC heap after
{Heap after GC invocations=6934 (full 7):
 PSYoungGen      total 6144K, used 720K [0x00000000d5580000, 0x00000000d5e00000, 0x0000000100000000)
  eden space 5120K, 0% used [0x00000000d5580000,0x00000000d5580000,0x00000000d5a80000)
  from space 1024K, 70% used [0x00000000d5d00000,0x00000000d5db4010,0x00000000d5e00000)
  to   space 1024K, 0% used [0x00000000d5c00000,0x00000000d5c00000,0x00000000d5d00000)
 ParOldGen       total 1398272K, used 823800K [0x0000000080000000, 0x00000000d5580000, 0x00000000d5580000)
  object space 1398272K, 58% used [0x0000000080000000,0x00000000b247e208,0x00000000d5580000)
 Metaspace       used 88386K, committed 89984K, reserved 1179648K
  class space    used 8660K, committed 9472K, reserved 1048576K
}
Event: 39083.571 GC heap before
{Heap before GC invocations=6935 (full 7):
 PSYoungGen      total 6144K, used 5840K [0x00000000d5580000, 0x00000000d5e00000, 0x0000000100000000)
  eden space 5120K, 100% used [0x00000000d5580000,0x00000000d5a80000,0x00000000d5a80000)
  from space 1024K, 70% used [0x00000000d5d00000,0x00000000d5db4010,0x00000000d5e00000)
  to   space 1024K, 0% used [0x00000000d5c00000,0x00000000d5c00000,0x00000000d5d00000)
 ParOldGen       total 1398272K, used 823800K [0x0000000080000000, 0x00000000d5580000, 0x00000000d5580000)
  object space 1398272K, 58% used [0x0000000080000000,0x00000000b247e208,0x00000000d5580000)
 Metaspace       used 88386K, committed 89984K, reserved 1179648K
  class space    used 8660K, committed 9472K, reserved 1048576K
}
Event: 39083.572 GC heap after
{Heap after GC invocations=6935 (full 7):
 PSYoungGen      total 6144K, used 352K [0x00000000d5580000, 0x00000000d5d80000, 0x0000000100000000)
  eden space 5120K, 0% used [0x00000000d5580000,0x00000000d5580000,0x00000000d5a80000)
  from space 1024K, 34% used [0x00000000d5c00000,0x00000000d5c58020,0x00000000d5d00000)
  to   space 512K, 0% used [0x00000000d5d00000,0x00000000d5d00000,0x00000000d5d80000)
 ParOldGen       total 1398272K, used 823808K [0x0000000080000000, 0x00000000d5580000, 0x00000000d5580000)
  object space 1398272K, 58% used [0x0000000080000000,0x00000000b2480208,0x00000000d5580000)
 Metaspace       used 88386K, committed 89984K, reserved 1179648K
  class space    used 8660K, committed 9472K, reserved 1048576K
}
Event: 39086.775 GC heap before
{Heap before GC invocations=6936 (full 7):
 PSYoungGen      total 6144K, used 5472K [0x00000000d5580000, 0x00000000d5d80000, 0x0000000100000000)
  eden space 5120K, 100% used [0x00000000d5580000,0x00000000d5a80000,0x00000000d5a80000)
  from space 1024K, 34% used [0x00000000d5c00000,0x00000000d5c58020,0x00000000d5d00000)
  to   space 512K, 0% used [0x00000000d5d00000,0x00000000d5d00000,0x00000000d5d80000)
 ParOldGen       total 1398272K, used 823808K [0x0000000080000000, 0x00000000d5580000, 0x00000000d5580000)
  object space 1398272K, 58% used [0x0000000080000000,0x00000000b2480208,0x00000000d5580000)
 Metaspace       used 88386K, committed 89984K, reserved 1179648K
  class space    used 8660K, committed 9472K, reserved 1048576K
}
Event: 39086.777 GC heap after
{Heap after GC invocations=6936 (full 7):
 PSYoungGen      total 5632K, used 512K [0x00000000d5580000, 0x00000000d5d80000, 0x0000000100000000)
  eden space 5120K, 0% used [0x00000000d5580000,0x00000000d5580000,0x00000000d5a80000)
  from space 512K, 100% used [0x00000000d5d00000,0x00000000d5d80000,0x00000000d5d80000)
  to   space 1024K, 0% used [0x00000000d5b80000,0x00000000d5b80000,0x00000000d5c80000)
 ParOldGen       total 1398272K, used 824055K [0x0000000080000000, 0x00000000d5580000, 0x00000000d5580000)
  object space 1398272K, 58% used [0x0000000080000000,0x00000000b24bdc78,0x00000000d5580000)
 Metaspace       used 88386K, committed 89984K, reserved 1179648K
  class space    used 8660K, committed 9472K, reserved 1048576K
}
Event: 39086.880 GC heap before
{Heap before GC invocations=6937 (full 7):
 PSYoungGen      total 5632K, used 5632K [0x00000000d5580000, 0x00000000d5d80000, 0x0000000100000000)
  eden space 5120K, 100% used [0x00000000d5580000,0x00000000d5a80000,0x00000000d5a80000)
  from space 512K, 100% used [0x00000000d5d00000,0x00000000d5d80000,0x00000000d5d80000)
  to   space 1024K, 0% used [0x00000000d5b80000,0x00000000d5b80000,0x00000000d5c80000)
 ParOldGen       total 1398272K, used 824055K [0x0000000080000000, 0x00000000d5580000, 0x00000000d5580000)
  object space 1398272K, 58% used [0x0000000080000000,0x00000000b24bdc78,0x00000000d5580000)
 Metaspace       used 88386K, committed 89984K, reserved 1179648K
  class space    used 8660K, committed 9472K, reserved 1048576K
}
Event: 39086.882 GC heap after
{Heap after GC invocations=6937 (full 7):
 PSYoungGen      total 6144K, used 400K [0x00000000d5580000, 0x00000000d5d80000, 0x0000000100000000)
  eden space 5120K, 0% used [0x00000000d5580000,0x00000000d5580000,0x00000000d5a80000)
  from space 1024K, 39% used [0x00000000d5b80000,0x00000000d5be4010,0x00000000d5c80000)
  to   space 1024K, 0% used [0x00000000d5c80000,0x00000000d5c80000,0x00000000d5d80000)
 ParOldGen       total 1398272K, used 824335K [0x0000000080000000, 0x00000000d5580000, 0x00000000d5580000)
  object space 1398272K, 58% used [0x0000000080000000,0x00000000b2503c78,0x00000000d5580000)
 Metaspace       used 88386K, committed 89984K, reserved 1179648K
  class space    used 8660K, committed 9472K, reserved 1048576K
}
Event: 39087.844 GC heap before
{Heap before GC invocations=6938 (full 7):
 PSYoungGen      total 6144K, used 5520K [0x00000000d5580000, 0x00000000d5d80000, 0x0000000100000000)
  eden space 5120K, 100% used [0x00000000d5580000,0x00000000d5a80000,0x00000000d5a80000)
  from space 1024K, 39% used [0x00000000d5b80000,0x00000000d5be4010,0x00000000d5c80000)
  to   space 1024K, 0% used [0x00000000d5c80000,0x00000000d5c80000,0x00000000d5d80000)
 ParOldGen       total 1398272K, used 824335K [0x0000000080000000, 0x00000000d5580000, 0x00000000d5580000)
  object space 1398272K, 58% used [0x0000000080000000,0x00000000b2503c78,0x00000000d5580000)
 Metaspace       used 88386K, committed 89984K, reserved 1179648K
  class space    used 8660K, committed 9472K, reserved 1048576K
}
Event: 39087.845 GC heap after
{Heap after GC invocations=6938 (full 7):
 PSYoungGen      total 5632K, used 384K [0x00000000d5580000, 0x00000000d5d00000, 0x0000000100000000)
  eden space 5120K, 0% used [0x00000000d5580000,0x00000000d5580000,0x00000000d5a80000)
  from space 512K, 75% used [0x00000000d5c80000,0x00000000d5ce0000,0x00000000d5d00000)
  to   space 512K, 0% used [0x00000000d5c00000,0x00000000d5c00000,0x00000000d5c80000)
 ParOldGen       total 1398272K, used 824612K [0x0000000080000000, 0x00000000d5580000, 0x00000000d5580000)
  object space 1398272K, 58% used [0x0000000080000000,0x00000000b2549108,0x00000000d5580000)
 Metaspace       used 88386K, committed 89984K, reserved 1179648K
  class space    used 8660K, committed 9472K, reserved 1048576K
}

