<?xml version="1.0" encoding="UTF-8"?>
<testsuite xmlns:xsi="http://www.w3.org/2001/XMLSchema-instance" xsi:noNamespaceSchemaLocation="https://maven.apache.org/surefire/maven-surefire-plugin/xsd/surefire-test-report-3.0.xsd" version="3.0" name="com.fundoo.fundoonotes.NotesOwnershipTest" time="0.507" tests="7" errors="0" skipped="0" failures="0">
  <properties>
[...]
</properties>
  <testcase name="createNote_success" classname="com.fundoo.fundoonotes.NotesOwnershipTest" time="0.254">
    <system-out><![CDATA[2026-08-23T23:39:01.969+05:30  INFO 6436 --- [           main] t.c.s.AnnotationConfigContextLoaderUtils : Could not detect default configuration classes for test class [com.fundoo.fundoonotes.NotesOwnershipTest]: NotesOwnershipTest does not declare any static, non-private, non-final, nested classes annotated with @Configuration.
2026-08-23T23:39:01.976+05:30  INFO 6436 --- [           main] .b.t.c.SpringBootTestContextBootstrapper : Found @SpringBootConfiguration com.fundoo.fundoonotes.FundooNotesApplication for test class com.fundoo.fundoonotes.NotesOwnershipTest
2026-08-23T23:39:02.000+05:30 DEBUG 6436 --- [           main] org.hibernate.SQL                        : 
    select
        n1_0.note_id,
        n1_0.color,
        n1_0.created_at,
        n1_0.description,
        n1_0.image_url,
        n1_0.is_archived,
        n1_0.is_deleted,
        n1_0.is_pined,
        n1_0.link_url,
        n1_0.user_id,
        n1_0.reminder_at,
        n1_0.title,
        n1_0.type_of_note,
        n1_0.updated_at 
    from
        notes n1_0
Hibernate: 
    select
        n1_0.note_id,
        n1_0.color,
        n1_0.created_at,
        n1_0.description,
        n1_0.image_url,
        n1_0.is_archived,
        n1_0.is_deleted,
        n1_0.is_pined,
        n1_0.link_url,
        n1_0.user_id,
        n1_0.reminder_at,
        n1_0.title,
        n1_0.type_of_note,
        n1_0.updated_at 
    from
        notes n1_0
2026-08-23T23:39:02.005+05:30 DEBUG 6436 --- [           main] org.hibernate.SQL                        : 
    select
        u1_0.id,
        u1_0.created_at,
        u1_0.email,
        u1_0.first_name,
        u1_0.is_verified,
        u1_0.last_name,
        u1_0.password_hash,
        u1_0.updated_at 
    from
        users u1_0
Hibernate: 
    select
        u1_0.id,
        u1_0.created_at,
        u1_0.email,
        u1_0.first_name,
        u1_0.is_verified,
        u1_0.last_name,
        u1_0.password_hash,
        u1_0.updated_at 
    from
        users u1_0
2026-08-23T23:39:02.023+05:30 DEBUG 6436 --- [           main] org.hibernate.SQL                        : 
    select
        n1_0.user_id,
        n1_0.note_id,
        n1_0.color,
        n1_0.created_at,
        n1_0.description,
        n1_0.image_url,
        n1_0.is_archived,
        n1_0.is_deleted,
        n1_0.is_pined,
        n1_0.link_url,
        n1_0.reminder_at,
        n1_0.title,
        n1_0.type_of_note,
        n1_0.updated_at 
    from
        notes n1_0 
    where
        n1_0.user_id=?
Hibernate: 
    select
        n1_0.user_id,
        n1_0.note_id,
        n1_0.color,
        n1_0.created_at,
        n1_0.description,
        n1_0.image_url,
        n1_0.is_archived,
        n1_0.is_deleted,
        n1_0.is_pined,
        n1_0.link_url,
        n1_0.reminder_at,
        n1_0.title,
        n1_0.type_of_note,
        n1_0.updated_at 
    from
        notes n1_0 
    where
        n1_0.user_id=?
2026-08-23T23:39:02.028+05:30 DEBUG 6436 --- [           main] org.hibernate.SQL                        : 
    select
        n1_0.user_id,
        n1_0.note_id,
        n1_0.color,
        n1_0.created_at,
        n1_0.description,
        n1_0.image_url,
        n1_0.is_archived,
        n1_0.is_deleted,
        n1_0.is_pined,
        n1_0.link_url,
        n1_0.reminder_at,
        n1_0.title,
        n1_0.type_of_note,
        n1_0.updated_at 
    from
        notes n1_0 
    where
        n1_0.user_id=?
Hibernate: 
    select
        n1_0.user_id,
        n1_0.note_id,
        n1_0.color,
        n1_0.created_at,
        n1_0.description,
        n1_0.image_url,
        n1_0.is_archived,
        n1_0.is_deleted,
        n1_0.is_pined,
        n1_0.link_url,
        n1_0.reminder_at,
        n1_0.title,
        n1_0.type_of_note,
        n1_0.updated_at 
    from
        notes n1_0 
    where
        n1_0.user_id=?
2026-08-23T23:39:02.038+05:30 DEBUG 6436 --- [           main] org.hibernate.SQL                        : 
    delete 
    from
        users 
    where
        id=?
Hibernate: 
    delete 
    from
        users 
    where
        id=?
2026-08-23T23:39:02.043+05:30 DEBUG 6436 --- [           main] org.hibernate.SQL                        : 
    delete 
    from
        users 
    where
        id=?
Hibernate: 
    delete 
    from
        users 
    where
        id=?
2026-08-23T23:39:02.053+05:30 DEBUG 6436 --- [           main] org.hibernate.SQL                        : 
    select
        u1_0.id 
    from
        users u1_0 
    where
        u1_0.email=? 
    limit
        ?
Hibernate: 
    select
        u1_0.id 
    from
        users u1_0 
    where
        u1_0.email=? 
    limit
        ?
2026-08-23T23:39:02.114+05:30 DEBUG 6436 --- [           main] org.hibernate.SQL                        : 
    insert 
    into
        users
        (created_at, email, first_name, is_verified, last_name, password_hash, updated_at) 
    values
        (?, ?, ?, ?, ?, ?, ?)
Hibernate: 
    insert 
    into
        users
        (created_at, email, first_name, is_verified, last_name, password_hash, updated_at) 
    values
        (?, ?, ?, ?, ?, ?, ?)
2026-08-23T23:39:02.128+05:30 DEBUG 6436 --- [           main] org.hibernate.SQL                        : 
    select
        u1_0.id 
    from
        users u1_0 
    where
        u1_0.email=? 
    limit
        ?
Hibernate: 
    select
        u1_0.id 
    from
        users u1_0 
    where
        u1_0.email=? 
    limit
        ?
2026-08-23T23:39:02.194+05:30 DEBUG 6436 --- [           main] org.hibernate.SQL                        : 
    insert 
    into
        users
        (created_at, email, first_name, is_verified, last_name, password_hash, updated_at) 
    values
        (?, ?, ?, ?, ?, ?, ?)
Hibernate: 
    insert 
    into
        users
        (created_at, email, first_name, is_verified, last_name, password_hash, updated_at) 
    values
        (?, ?, ?, ?, ?, ?, ?)
2026-08-23T23:39:02.209+05:30 DEBUG 6436 --- [           main] org.hibernate.SQL                        : 
    select
        u1_0.id,
        u1_0.created_at,
        u1_0.email,
        u1_0.first_name,
        u1_0.is_verified,
        u1_0.last_name,
        u1_0.password_hash,
        u1_0.updated_at 
    from
        users u1_0 
    where
        u1_0.email=?
Hibernate: 
    select
        u1_0.id,
        u1_0.created_at,
        u1_0.email,
        u1_0.first_name,
        u1_0.is_verified,
        u1_0.last_name,
        u1_0.password_hash,
        u1_0.updated_at 
    from
        users u1_0 
    where
        u1_0.email=?
2026-08-23T23:39:02.220+05:30 DEBUG 6436 --- [           main] org.hibernate.SQL                        : 
    select
        u1_0.id,
        u1_0.created_at,
        u1_0.email,
        u1_0.first_name,
        u1_0.is_verified,
        u1_0.last_name,
        u1_0.password_hash,
        u1_0.updated_at 
    from
        users u1_0 
    where
        u1_0.email=?
Hibernate: 
    select
        u1_0.id,
        u1_0.created_at,
        u1_0.email,
        u1_0.first_name,
        u1_0.is_verified,
        u1_0.last_name,
        u1_0.password_hash,
        u1_0.updated_at 
    from
        users u1_0 
    where
        u1_0.email=?
2026-08-23T23:39:02.225+05:30 DEBUG 6436 --- [           main] org.hibernate.SQL                        : 
    insert 
    into
        notes
        (color, created_at, description, image_url, is_archived, is_deleted, is_pined, link_url, user_id, reminder_at, title, type_of_note, updated_at) 
    values
        (?, ?, ?, ?, ?, ?, ?, ?, ?, ?, ?, ?, ?)
Hibernate: 
    insert 
    into
        notes
        (color, created_at, description, image_url, is_archived, is_deleted, is_pined, link_url, user_id, reminder_at, title, type_of_note, updated_at) 
    values
        (?, ?, ?, ?, ?, ?, ?, ?, ?, ?, ?, ?, ?)
]]></system-out>
  </testcase>
  <testcase name="readOwnNote_success" classname="com.fundoo.fundoonotes.NotesOwnershipTest" time="0.042">
    <system-out><![CDATA[2026-08-23T23:39:02.250+05:30 DEBUG 6436 --- [           main] org.hibernate.SQL                        : 
    select
        u1_0.id,
        u1_0.created_at,
        u1_0.email,
        u1_0.first_name,
        u1_0.is_verified,
        u1_0.last_name,
        u1_0.password_hash,
        u1_0.updated_at 
    from
        users u1_0 
    where
        u1_0.email=?
Hibernate: 
    select
        u1_0.id,
        u1_0.created_at,
        u1_0.email,
        u1_0.first_name,
        u1_0.is_verified,
        u1_0.last_name,
        u1_0.password_hash,
        u1_0.updated_at 
    from
        users u1_0 
    where
        u1_0.email=?
2026-08-23T23:39:02.256+05:30 DEBUG 6436 --- [           main] org.hibernate.SQL                        : 
    select
        u1_0.id,
        u1_0.created_at,
        u1_0.email,
        u1_0.first_name,
        u1_0.is_verified,
        u1_0.last_name,
        u1_0.password_hash,
        u1_0.updated_at 
    from
        users u1_0 
    where
        u1_0.email=?
Hibernate: 
    select
        u1_0.id,
        u1_0.created_at,
        u1_0.email,
        u1_0.first_name,
        u1_0.is_verified,
        u1_0.last_name,
        u1_0.password_hash,
        u1_0.updated_at 
    from
        users u1_0 
    where
        u1_0.email=?
2026-08-23T23:39:02.271+05:30 DEBUG 6436 --- [           main] org.hibernate.SQL                        : 
    select
        n1_0.note_id,
        n1_0.color,
        n1_0.created_at,
        n1_0.description,
        n1_0.image_url,
        n1_0.is_archived,
        n1_0.is_deleted,
        n1_0.is_pined,
        n1_0.link_url,
        n1_0.user_id,
        n1_0.reminder_at,
        n1_0.title,
        n1_0.type_of_note,
        n1_0.updated_at 
    from
        notes n1_0 
    where
        n1_0.note_id=? 
        and n1_0.user_id=?
Hibernate: 
    select
        n1_0.note_id,
        n1_0.color,
        n1_0.created_at,
        n1_0.description,
        n1_0.image_url,
        n1_0.is_archived,
        n1_0.is_deleted,
        n1_0.is_pined,
        n1_0.link_url,
        n1_0.user_id,
        n1_0.reminder_at,
        n1_0.title,
        n1_0.type_of_note,
        n1_0.updated_at 
    from
        notes n1_0 
    where
        n1_0.note_id=? 
        and n1_0.user_id=?
]]></system-out>
  </testcase>
  <testcase name="readOtherNote_returns404" classname="com.fundoo.fundoonotes.NotesOwnershipTest" time="0.031">
    <system-out><![CDATA[2026-08-23T23:39:02.293+05:30 DEBUG 6436 --- [           main] org.hibernate.SQL                        : 
    select
        u1_0.id,
        u1_0.created_at,
        u1_0.email,
        u1_0.first_name,
        u1_0.is_verified,
        u1_0.last_name,
        u1_0.password_hash,
        u1_0.updated_at 
    from
        users u1_0 
    where
        u1_0.email=?
Hibernate: 
    select
        u1_0.id,
        u1_0.created_at,
        u1_0.email,
        u1_0.first_name,
        u1_0.is_verified,
        u1_0.last_name,
        u1_0.password_hash,
        u1_0.updated_at 
    from
        users u1_0 
    where
        u1_0.email=?
2026-08-23T23:39:02.298+05:30 DEBUG 6436 --- [           main] org.hibernate.SQL                        : 
    select
        u1_0.id,
        u1_0.created_at,
        u1_0.email,
        u1_0.first_name,
        u1_0.is_verified,
        u1_0.last_name,
        u1_0.password_hash,
        u1_0.updated_at 
    from
        users u1_0 
    where
        u1_0.email=?
Hibernate: 
    select
        u1_0.id,
        u1_0.created_at,
        u1_0.email,
        u1_0.first_name,
        u1_0.is_verified,
        u1_0.last_name,
        u1_0.password_hash,
        u1_0.updated_at 
    from
        users u1_0 
    where
        u1_0.email=?
2026-08-23T23:39:02.303+05:30 DEBUG 6436 --- [           main] org.hibernate.SQL                        : 
    select
        n1_0.note_id,
        n1_0.color,
        n1_0.created_at,
        n1_0.description,
        n1_0.image_url,
        n1_0.is_archived,
        n1_0.is_deleted,
        n1_0.is_pined,
        n1_0.link_url,
        n1_0.user_id,
        n1_0.reminder_at,
        n1_0.title,
        n1_0.type_of_note,
        n1_0.updated_at 
    from
        notes n1_0 
    where
        n1_0.note_id=? 
        and n1_0.user_id=?
Hibernate: 
    select
        n1_0.note_id,
        n1_0.color,
        n1_0.created_at,
        n1_0.description,
        n1_0.image_url,
        n1_0.is_archived,
        n1_0.is_deleted,
        n1_0.is_pined,
        n1_0.link_url,
        n1_0.user_id,
        n1_0.reminder_at,
        n1_0.title,
        n1_0.type_of_note,
        n1_0.updated_at 
    from
        notes n1_0 
    where
        n1_0.note_id=? 
        and n1_0.user_id=?
]]></system-out>
  </testcase>
  <testcase name="updateOwnNote_success" classname="com.fundoo.fundoonotes.NotesOwnershipTest" time="0.042">
    <system-out><![CDATA[2026-08-23T23:39:02.325+05:30 DEBUG 6436 --- [           main] org.hibernate.SQL                        : 
    select
        u1_0.id,
        u1_0.created_at,
        u1_0.email,
        u1_0.first_name,
        u1_0.is_verified,
        u1_0.last_name,
        u1_0.password_hash,
        u1_0.updated_at 
    from
        users u1_0 
    where
        u1_0.email=?
Hibernate: 
    select
        u1_0.id,
        u1_0.created_at,
        u1_0.email,
        u1_0.first_name,
        u1_0.is_verified,
        u1_0.last_name,
        u1_0.password_hash,
        u1_0.updated_at 
    from
        users u1_0 
    where
        u1_0.email=?
2026-08-23T23:39:02.331+05:30 DEBUG 6436 --- [           main] org.hibernate.SQL                        : 
    select
        u1_0.id,
        u1_0.created_at,
        u1_0.email,
        u1_0.first_name,
        u1_0.is_verified,
        u1_0.last_name,
        u1_0.password_hash,
        u1_0.updated_at 
    from
        users u1_0 
    where
        u1_0.email=?
Hibernate: 
    select
        u1_0.id,
        u1_0.created_at,
        u1_0.email,
        u1_0.first_name,
        u1_0.is_verified,
        u1_0.last_name,
        u1_0.password_hash,
        u1_0.updated_at 
    from
        users u1_0 
    where
        u1_0.email=?
2026-08-23T23:39:02.336+05:30 DEBUG 6436 --- [           main] org.hibernate.SQL                        : 
    select
        n1_0.note_id,
        n1_0.color,
        n1_0.created_at,
        n1_0.description,
        n1_0.image_url,
        n1_0.is_archived,
        n1_0.is_deleted,
        n1_0.is_pined,
        n1_0.link_url,
        n1_0.user_id,
        n1_0.reminder_at,
        n1_0.title,
        n1_0.type_of_note,
        n1_0.updated_at 
    from
        notes n1_0 
    where
        n1_0.note_id=? 
        and n1_0.user_id=?
Hibernate: 
    select
        n1_0.note_id,
        n1_0.color,
        n1_0.created_at,
        n1_0.description,
        n1_0.image_url,
        n1_0.is_archived,
        n1_0.is_deleted,
        n1_0.is_pined,
        n1_0.link_url,
        n1_0.user_id,
        n1_0.reminder_at,
        n1_0.title,
        n1_0.type_of_note,
        n1_0.updated_at 
    from
        notes n1_0 
    where
        n1_0.note_id=? 
        and n1_0.user_id=?
2026-08-23T23:39:02.348+05:30 DEBUG 6436 --- [           main] org.hibernate.SQL                        : 
    update
        notes 
    set
        color=?,
        description=?,
        image_url=?,
        is_archived=?,
        is_deleted=?,
        is_pined=?,
        link_url=?,
        user_id=?,
        reminder_at=?,
        title=?,
        type_of_note=?,
        updated_at=? 
    where
        note_id=?
Hibernate: 
    update
        notes 
    set
        color=?,
        description=?,
        image_url=?,
        is_archived=?,
        is_deleted=?,
        is_pined=?,
        link_url=?,
        user_id=?,
        reminder_at=?,
        title=?,
        type_of_note=?,
        updated_at=? 
    where
        note_id=?
]]></system-out>
  </testcase>
  <testcase name="updateOtherNote_returns404" classname="com.fundoo.fundoonotes.NotesOwnershipTest" time="0.026">
    <system-out><![CDATA[2026-08-23T23:39:02.369+05:30 DEBUG 6436 --- [           main] org.hibernate.SQL                        : 
    select
        u1_0.id,
        u1_0.created_at,
        u1_0.email,
        u1_0.first_name,
        u1_0.is_verified,
        u1_0.last_name,
        u1_0.password_hash,
        u1_0.updated_at 
    from
        users u1_0 
    where
        u1_0.email=?
Hibernate: 
    select
        u1_0.id,
        u1_0.created_at,
        u1_0.email,
        u1_0.first_name,
        u1_0.is_verified,
        u1_0.last_name,
        u1_0.password_hash,
        u1_0.updated_at 
    from
        users u1_0 
    where
        u1_0.email=?
2026-08-23T23:39:02.374+05:30 DEBUG 6436 --- [           main] org.hibernate.SQL                        : 
    select
        u1_0.id,
        u1_0.created_at,
        u1_0.email,
        u1_0.first_name,
        u1_0.is_verified,
        u1_0.last_name,
        u1_0.password_hash,
        u1_0.updated_at 
    from
        users u1_0 
    where
        u1_0.email=?
Hibernate: 
    select
        u1_0.id,
        u1_0.created_at,
        u1_0.email,
        u1_0.first_name,
        u1_0.is_verified,
        u1_0.last_name,
        u1_0.password_hash,
        u1_0.updated_at 
    from
        users u1_0 
    where
        u1_0.email=?
2026-08-23T23:39:02.381+05:30 DEBUG 6436 --- [           main] org.hibernate.SQL                        : 
    select
        n1_0.note_id,
        n1_0.color,
        n1_0.created_at,
        n1_0.description,
        n1_0.image_url,
        n1_0.is_archived,
        n1_0.is_deleted,
        n1_0.is_pined,
        n1_0.link_url,
        n1_0.user_id,
        n1_0.reminder_at,
        n1_0.title,
        n1_0.type_of_note,
        n1_0.updated_at 
    from
        notes n1_0 
    where
        n1_0.note_id=? 
        and n1_0.user_id=?
Hibernate: 
    select
        n1_0.note_id,
        n1_0.color,
        n1_0.created_at,
        n1_0.description,
        n1_0.image_url,
        n1_0.is_archived,
        n1_0.is_deleted,
        n1_0.is_pined,
        n1_0.link_url,
        n1_0.user_id,
        n1_0.reminder_at,
        n1_0.title,
        n1_0.type_of_note,
        n1_0.updated_at 
    from
        notes n1_0 
    where
        n1_0.note_id=? 
        and n1_0.user_id=?
]]></system-out>
  </testcase>
  <testcase name="deleteOtherNote_returns404" classname="com.fundoo.fundoonotes.NotesOwnershipTest" time="0.029">
    <system-out><![CDATA[2026-08-23T23:39:02.396+05:30 DEBUG 6436 --- [           main] org.hibernate.SQL                        : 
    select
        u1_0.id,
        u1_0.created_at,
        u1_0.email,
        u1_0.first_name,
        u1_0.is_verified,
        u1_0.last_name,
        u1_0.password_hash,
        u1_0.updated_at 
    from
        users u1_0 
    where
        u1_0.email=?
Hibernate: 
    select
        u1_0.id,
        u1_0.created_at,
        u1_0.email,
        u1_0.first_name,
        u1_0.is_verified,
        u1_0.last_name,
        u1_0.password_hash,
        u1_0.updated_at 
    from
        users u1_0 
    where
        u1_0.email=?
2026-08-23T23:39:02.403+05:30 DEBUG 6436 --- [           main] org.hibernate.SQL                        : 
    select
        u1_0.id,
        u1_0.created_at,
        u1_0.email,
        u1_0.first_name,
        u1_0.is_verified,
        u1_0.last_name,
        u1_0.password_hash,
        u1_0.updated_at 
    from
        users u1_0 
    where
        u1_0.email=?
Hibernate: 
    select
        u1_0.id,
        u1_0.created_at,
        u1_0.email,
        u1_0.first_name,
        u1_0.is_verified,
        u1_0.last_name,
        u1_0.password_hash,
        u1_0.updated_at 
    from
        users u1_0 
    where
        u1_0.email=?
2026-08-23T23:39:02.409+05:30 DEBUG 6436 --- [           main] org.hibernate.SQL                        : 
    select
        n1_0.note_id,
        n1_0.color,
        n1_0.created_at,
        n1_0.description,
        n1_0.image_url,
        n1_0.is_archived,
        n1_0.is_deleted,
        n1_0.is_pined,
        n1_0.link_url,
        n1_0.user_id,
        n1_0.reminder_at,
        n1_0.title,
        n1_0.type_of_note,
        n1_0.updated_at 
    from
        notes n1_0 
    where
        n1_0.note_id=? 
        and n1_0.user_id=?
Hibernate: 
    select
        n1_0.note_id,
        n1_0.color,
        n1_0.created_at,
        n1_0.description,
        n1_0.image_url,
        n1_0.is_archived,
        n1_0.is_deleted,
        n1_0.is_pined,
        n1_0.link_url,
        n1_0.user_id,
        n1_0.reminder_at,
        n1_0.title,
        n1_0.type_of_note,
        n1_0.updated_at 
    from
        notes n1_0 
    where
        n1_0.note_id=? 
        and n1_0.user_id=?
]]></system-out>
  </testcase>
  <testcase name="deleteOwnNote_success" classname="com.fundoo.fundoonotes.NotesOwnershipTest" time="0.055">
    <system-out><![CDATA[2026-08-23T23:39:02.427+05:30 DEBUG 6436 --- [           main] org.hibernate.SQL                        : 
    select
        u1_0.id,
        u1_0.created_at,
        u1_0.email,
        u1_0.first_name,
        u1_0.is_verified,
        u1_0.last_name,
        u1_0.password_hash,
        u1_0.updated_at 
    from
        users u1_0 
    where
        u1_0.email=?
Hibernate: 
    select
        u1_0.id,
        u1_0.created_at,
        u1_0.email,
        u1_0.first_name,
        u1_0.is_verified,
        u1_0.last_name,
        u1_0.password_hash,
        u1_0.updated_at 
    from
        users u1_0 
    where
        u1_0.email=?
2026-08-23T23:39:02.431+05:30 DEBUG 6436 --- [           main] org.hibernate.SQL                        : 
    select
        u1_0.id,
        u1_0.created_at,
        u1_0.email,
        u1_0.first_name,
        u1_0.is_verified,
        u1_0.last_name,
        u1_0.password_hash,
        u1_0.updated_at 
    from
        users u1_0 
    where
        u1_0.email=?
Hibernate: 
    select
        u1_0.id,
        u1_0.created_at,
        u1_0.email,
        u1_0.first_name,
        u1_0.is_verified,
        u1_0.last_name,
        u1_0.password_hash,
        u1_0.updated_at 
    from
        users u1_0 
    where
        u1_0.email=?
2026-08-23T23:39:02.435+05:30 DEBUG 6436 --- [           main] org.hibernate.SQL                        : 
    select
        n1_0.note_id,
        n1_0.color,
        n1_0.created_at,
        n1_0.description,
        n1_0.image_url,
        n1_0.is_archived,
        n1_0.is_deleted,
        n1_0.is_pined,
        n1_0.link_url,
        n1_0.user_id,
        n1_0.reminder_at,
        n1_0.title,
        n1_0.type_of_note,
        n1_0.updated_at 
    from
        notes n1_0 
    where
        n1_0.note_id=? 
        and n1_0.user_id=?
Hibernate: 
    select
        n1_0.note_id,
        n1_0.color,
        n1_0.created_at,
        n1_0.description,
        n1_0.image_url,
        n1_0.is_archived,
        n1_0.is_deleted,
        n1_0.is_pined,
        n1_0.link_url,
        n1_0.user_id,
        n1_0.reminder_at,
        n1_0.title,
        n1_0.type_of_note,
        n1_0.updated_at 
    from
        notes n1_0 
    where
        n1_0.note_id=? 
        and n1_0.user_id=?
2026-08-23T23:39:02.439+05:30 DEBUG 6436 --- [           main] org.hibernate.SQL                        : 
    select
        ci1_0.note_id,
        ci1_0.id,
        ci1_0.created_at,
        ci1_0.is_checked,
        ci1_0.position,
        ci1_0.text,
        ci1_0.updated_at 
    from
        note_checklists ci1_0 
    where
        ci1_0.note_id=?
Hibernate: 
    select
        ci1_0.note_id,
        ci1_0.id,
        ci1_0.created_at,
        ci1_0.is_checked,
        ci1_0.position,
        ci1_0.text,
        ci1_0.updated_at 
    from
        note_checklists ci1_0 
    where
        ci1_0.note_id=?
2026-08-23T23:39:02.443+05:30 DEBUG 6436 --- [           main] org.hibernate.SQL                        : 
    delete 
    from
        note_label_mapping 
    where
        note_id=?
Hibernate: 
    delete 
    from
        note_label_mapping 
    where
        note_id=?
2026-08-23T23:39:02.445+05:30 DEBUG 6436 --- [           main] org.hibernate.SQL                        : 
    delete 
    from
        notes 
    where
        note_id=?
Hibernate: 
    delete 
    from
        notes 
    where
        note_id=?
2026-08-23T23:39:02.456+05:30 DEBUG 6436 --- [           main] org.hibernate.SQL                        : 
    select
        u1_0.id,
        u1_0.created_at,
        u1_0.email,
        u1_0.first_name,
        u1_0.is_verified,
        u1_0.last_name,
        u1_0.password_hash,
        u1_0.updated_at 
    from
        users u1_0 
    where
        u1_0.email=?
Hibernate: 
    select
        u1_0.id,
        u1_0.created_at,
        u1_0.email,
        u1_0.first_name,
        u1_0.is_verified,
        u1_0.last_name,
        u1_0.password_hash,
        u1_0.updated_at 
    from
        users u1_0 
    where
        u1_0.email=?
2026-08-23T23:39:02.461+05:30 DEBUG 6436 --- [           main] org.hibernate.SQL                        : 
    select
        u1_0.id,
        u1_0.created_at,
        u1_0.email,
        u1_0.first_name,
        u1_0.is_verified,
        u1_0.last_name,
        u1_0.password_hash,
        u1_0.updated_at 
    from
        users u1_0 
    where
        u1_0.email=?
Hibernate: 
    select
        u1_0.id,
        u1_0.created_at,
        u1_0.email,
        u1_0.first_name,
        u1_0.is_verified,
        u1_0.last_name,
        u1_0.password_hash,
        u1_0.updated_at 
    from
        users u1_0 
    where
        u1_0.email=?
2026-08-23T23:39:02.466+05:30 DEBUG 6436 --- [           main] org.hibernate.SQL                        : 
    select
        n1_0.note_id,
        n1_0.color,
        n1_0.created_at,
        n1_0.description,
        n1_0.image_url,
        n1_0.is_archived,
        n1_0.is_deleted,
        n1_0.is_pined,
        n1_0.link_url,
        n1_0.user_id,
        n1_0.reminder_at,
        n1_0.title,
        n1_0.type_of_note,
        n1_0.updated_at 
    from
        notes n1_0 
    where
        n1_0.note_id=? 
        and n1_0.user_id=?
Hibernate: 
    select
        n1_0.note_id,
        n1_0.color,
        n1_0.created_at,
        n1_0.description,
        n1_0.image_url,
        n1_0.is_archived,
        n1_0.is_deleted,
        n1_0.is_pined,
        n1_0.link_url,
        n1_0.user_id,
        n1_0.reminder_at,
        n1_0.title,
        n1_0.type_of_note,
        n1_0.updated_at 
    from
        notes n1_0 
    where
        n1_0.note_id=? 
        and n1_0.user_id=?
]]></system-out>
  </testcase>
</testsuite>